4511319918
4576160310
4588214037
4554944021
4506594511
4567355557
4510735661
4573101879
4588047581
4574231380
4552608040
4500423645
4525321816
4582599584
4506658105
4525920325
4582238234
4509622801
4578736410
4559365474
4529087179
4527022064
4546546045
4543472991
4546869652
4539602020
4580150810
4536163585
4589005931
4523050769
4589893348
4593879414
4515606525
4527351034
4516843233
4500231561
4543320290
4527180141
4552648133
4559232482
4512491927
4497708790
4500166853
4584364769
4577397485
4542262557
4497569588
4591494275
4576849132
4516335949
4553642313
4532104936
4577351293
4585752766
4495621212
4585734340
4542584436
4554447404
4514001225
4593242577
4566578387
4495821478
4534723669
4587370304
4512393819
4594487871
4542799281
4577327092
4507335708
4544439012
4588880248
4559803568
4545143279
4567970226
4588068355
4568124999
4570801196
4573596021
4572555098
4554089718
4519408049
4586521255
4502923534
4503071663
4543831915
4496285279
4547766117
4587063877
4586893835
4554353528
4528612996
4593509715
4576959782
4501936130
4546289430
4582475205
4528701452
4540943646
4507701083
4592146228
